<?xml version="1.0" encoding="UTF-8"?>
<!-- Generated by org.testng.reporters.JUnitReportReporter -->
<testsuite hostname="DESKTOP-8OU3F56" name="com.training.sanity.tests.PasswordReset" tests="1" failures="0" timestamp="3 Mar 2020 18:31:09 GMT" time="17.772" errors="0">
  <testcase name="validLoginTest" time="17.772" classname="com.training.sanity.tests.PasswordReset"/>
</testsuite> <!-- com.training.sanity.tests.PasswordReset -->
